0 info it worked if it ends with ok
1 verbose cli [ '/usr/local/bin/node', '/usr/local/bin/npm', 'run', 'prod' ]
2 info using npm@3.10.3
3 info using node@v6.3.1
4 verbose run-script [ 'preprod', 'prod', 'postprod' ]
5 info lifecycle okta-login@1.0.0~preprod: okta-login@1.0.0
6 silly lifecycle okta-login@1.0.0~preprod: no script for preprod, continuing
7 info lifecycle okta-login@1.0.0~prod: okta-login@1.0.0
8 verbose lifecycle okta-login@1.0.0~prod: unsafe-perm in lifecycle true
9 verbose lifecycle okta-login@1.0.0~prod: PATH: /usr/local/lib/node_modules/npm/bin/node-gyp-bin:/Users/Phil/HackReactor/okta/okta-login/node_modules/.bin:/usr/local/bin:/Library/Frameworks/Python.framework/Versions/3.4/bin:/Library/Frameworks/Python.framework/Versions/3.4/bin:/usr/local/bin:/usr/bin:/bin:/usr/sbin:/sbin:/usr/local/Cellar/mysql/5.7.17/bin
10 verbose lifecycle okta-login@1.0.0~prod: CWD: /Users/Phil/HackReactor/okta/okta-login
11 silly lifecycle okta-login@1.0.0~prod: Args: [ '-c', 'npm run build && NODE_ENV=production node app.js' ]
12 silly lifecycle okta-login@1.0.0~prod: Returned: code: 1  signal: null
13 info lifecycle okta-login@1.0.0~prod: Failed to exec prod script
14 verbose stack Error: okta-login@1.0.0 prod: `npm run build && NODE_ENV=production node app.js`
14 verbose stack Exit status 1
14 verbose stack     at EventEmitter.<anonymous> (/usr/local/lib/node_modules/npm/lib/utils/lifecycle.js:242:16)
14 verbose stack     at emitTwo (events.js:106:13)
14 verbose stack     at EventEmitter.emit (events.js:191:7)
14 verbose stack     at ChildProcess.<anonymous> (/usr/local/lib/node_modules/npm/lib/utils/spawn.js:40:14)
14 verbose stack     at emitTwo (events.js:106:13)
14 verbose stack     at ChildProcess.emit (events.js:191:7)
14 verbose stack     at maybeClose (internal/child_process.js:852:16)
14 verbose stack     at Process.ChildProcess._handle.onexit (internal/child_process.js:215:5)
15 verbose pkgid okta-login@1.0.0
16 verbose cwd /Users/Phil/HackReactor/okta/okta-login
17 error Darwin 16.6.0
18 error argv "/usr/local/bin/node" "/usr/local/bin/npm" "run" "prod"
19 error node v6.3.1
20 error npm  v3.10.3
21 error code ELIFECYCLE
22 error okta-login@1.0.0 prod: `npm run build && NODE_ENV=production node app.js`
22 error Exit status 1
23 error Failed at the okta-login@1.0.0 prod script 'npm run build && NODE_ENV=production node app.js'.
23 error Make sure you have the latest version of node.js and npm installed.
23 error If you do, this is most likely a problem with the okta-login package,
23 error not with npm itself.
23 error Tell the author that this fails on your system:
23 error     npm run build && NODE_ENV=production node app.js
23 error You can get information on how to open an issue for this project with:
23 error     npm bugs okta-login
23 error Or if that isn't available, you can get their info via:
23 error     npm owner ls okta-login
23 error There is likely additional logging output above.
24 verbose exit [ 1, true ]
